<?xml version="1.0" encoding="UTF-8"?>
<!-- Generated by org.testng.reporters.JUnitReportReporter -->
<testsuite hostname="Aldrin" failures="0" tests="5" name="com.qa.appname.tests.HomePageTest" time="16.080" errors="0" timestamp="2024-10-22T01:41:32 PST" skipped="0">
  <testcase classname="com.qa.appname.tests.HomePageTest" name="homePageTitleTest" time="0.012"/>
  <testcase classname="com.qa.appname.tests.HomePageTest" name="searchTest" time="5.363"/>
  <testcase classname="com.qa.appname.tests.HomePageTest" name="searchTest" time="5.337"/>
  <testcase classname="com.qa.appname.tests.HomePageTest" name="searchTest" time="5.367"/>
  <testcase classname="com.qa.appname.tests.HomePageTest" name="homePageURLTest" time="0.001"/>
</testsuite> <!-- com.qa.appname.tests.HomePageTest -->
